<?xml version="1.0" encoding="UTF-8"?>
<!-- Generated by org.testng.reporters.JUnitXMLReporter -->
<testsuite errors="0" failures="1" hostname="auto2023" ignored="0" name="Default test" tests="1"
           time="5.899" timestamp="2023-11-06T00:20:32 GMT">
    <testcase classname="io.cucumber.testng.AbstractTestNGCucumberTests" name="runScenario"
              time="4.451">
        <failure
                message="Cannot invoke &amp;quot;pages.RegisterPage.enterFirstName(String)&amp;quot; because &amp;quot;this.accountRegisterPage&amp;quot; is null"
                type="java.lang.NullPointerException">
            <![CDATA[java.lang.NullPointerException: Cannot invoke "pages.RegisterPage.enterFirstName(String)" because "this.accountRegisterPage" is null
at opencartdemo.stepDefinitions.RegistrationSteps.iInputFirstName(RegistrationSteps.java:58)
at ✽.I input firstName "FirstName"(file:///C:/Users/public.DESKTOP-92TR9M0/eclipse-workspace/SeleniumJavaCucumberFramework/src/test/java/cucumber/registration/Register.feature:9)
]]>
        </failure>
    </testcase> <!-- runScenario -->
</testsuite> <!-- Default test -->
