<?xml version="1.0" encoding="UTF-8"?>
<!-- Generated by org.testng.reporters.JUnitXMLReporter -->
<testsuite errors="0" failures="0" hostname="MacBook-Pro.attlocal.net" ignored="0"
           name="Error Validations Test"
           tests="2" time="32.321" timestamp="11 Aug 2022 20:03:05 GMT">
    <testcase classname="rahulshettyacademy.tests.ErrorValidationsTest" name="LoginErrorValidation"
              time="2.38"/>
    <testcase classname="rahulshettyacademy.tests.ErrorValidationsTest" name="ProductErrorValidation"
              time="10.041"/>
</testsuite> <!-- Error Validations Test -->
