<?xml version="1.0" encoding="UTF-8"?>
<!-- Generated by org.testng.reporters.JUnitXMLReporter -->
<testsuite errors="0" failures="0" hostname="MacBook-Pro.attlocal.net" ignored="0"
           name="Submit Order Test"
           tests="3" time="57.628" timestamp="11 Aug 2022 20:03:30 GMT">
    <testcase classname="rahulshettyacademy.tests.SubmitOrderTest" name="submitOrder" time="12.837"/>
    <testcase classname="rahulshettyacademy.tests.SubmitOrderTest" name="submitOrder" time="11.143"/>
    <testcase classname="rahulshettyacademy.tests.SubmitOrderTest" name="OrderHistoryTest"
              time="5.163"/>
</testsuite> <!-- Submit Order Test -->
