<?xml version="1.0" encoding="UTF-8"?>
<testng-results failed="1" ignored="0" passed="0" skipped="0" total="1">
    <reporter-output>
    </reporter-output>
    <suite duration-ms="5899" finished-at="2023-11-06T00:20:32 GMT" name="Default suite"
           started-at="2023-11-06T00:20:26 GMT">
        <groups>
            <group name="cucumber">
                <method class="io.cucumber.testng.AbstractTestNGCucumberTests" name="runScenario"
                        signature="AbstractTestNGCucumberTests.runScenario(io.cucumber.testng.PickleWrapper,io.cucumber.testng.FeatureWrapper)[pri:0, instance:cucumber.CucumberTestNGTestRunner@24313fcc]"/>
            </group> <!-- cucumber -->
        </groups>
        <test duration-ms="5899" finished-at="2023-11-06T00:20:32 GMT" name="Default test"
              started-at="2023-11-06T00:20:26 GMT">
            <class name="cucumber.CucumberTestNGTestRunner">
                <test-method duration-ms="1263" finished-at="2023-11-06T00:20:27 GMT" is-config="true"
                             name="setUpClass"
                             signature="setUpClass(org.testng.ITestContext)[pri:0, instance:cucumber.CucumberTestNGTestRunner@24313fcc]"
                             started-at="2023-11-06T00:20:26 GMT" status="PASS">
                    <params>
                        <param index="0">
                            <value>
                                <![CDATA[org.testng.TestRunner@4eeea57d]]>
                            </value>
                        </param>
                    </params>
                    <reporter-output>
                    </reporter-output>
                </test-method> <!-- setUpClass -->
                <test-method testData.data-provider="scenarios" description="Runs Cucumber Scenarios"
                             duration-ms="4451" finished-at="2023-11-06T00:20:31 GMT" name="runScenario"
                             signature="runScenario(io.cucumber.testng.PickleWrapper,io.cucumber.testng.FeatureWrapper)[pri:0, instance:cucumber.CucumberTestNGTestRunner@24313fcc]"
                             started-at="2023-11-06T00:20:27 GMT" status="FAIL">
                    <com.automationteststore.exception class="java.lang.NullPointerException">
                        <full-stacktrace>
                            <![CDATA[java.lang.NullPointerException: Cannot invoke "pages.RegisterPage.enterFirstName(String)" because "this.accountRegisterPage" is null
at opencartdemo.stepDefinitions.RegistrationSteps.iInputFirstName(RegistrationSteps.java:58)
at ✽.I input firstName "FirstName"(file:///C:/Users/public.DESKTOP-92TR9M0/eclipse-workspace/SeleniumJavaCucumberFramework/src/test/java/cucumber/registration/Register.feature:9)
]]>
                        </full-stacktrace>
                        <message>
                            <![CDATA[Cannot invoke "pages.RegisterPage.enterFirstName(String)" because "this.accountRegisterPage" is null]]>
                        </message>
                    </com.automationteststore.exception>
                    <params>
                        <param index="0">
                            <value>
                                <![CDATA["I should be able to Register with valid credentials"]]>
                            </value>
                        </param>
                        <param index="1">
                            <value>
                                <![CDATA["Verification of Registration functionality"]]>
                            </value>
                        </param>
                    </params> <!-- java.lang.NullPointerException -->
                    <reporter-output>
                    </reporter-output>
                </test-method> <!-- runScenario -->
                <test-method duration-ms="125" finished-at="2023-11-06T00:20:32 GMT" is-config="true"
                             name="tearDownClass"
                             signature="tearDownClass()[pri:0, instance:cucumber.CucumberTestNGTestRunner@24313fcc]"
                             started-at="2023-11-06T00:20:31 GMT" status="PASS">
                    <reporter-output>
                    </reporter-output>
                </test-method> <!-- tearDownClass -->
            </class> <!-- cucumber.CucumberTestNGTestRunner -->
        </test> <!-- Default test -->
    </suite> <!-- Default suite -->
</testng-results>
