<?xml version="1.0" encoding="UTF-8"?>
<!-- Generated by org.testng.reporters.JUnitReportReporter -->
<testsuite errors="1" failures="0" hostname="auto2023" name="cucumber.CucumberTestNGTestRunner"
           skipped="0" tests="1" time="4.451" timestamp="2023-11-06T00:20:32 GMT">
    <system-out/> <!-- runScenario -->
    <testcase classname="cucumber.CucumberTestNGTestRunner" name="runScenario" time="4.451">
        <error
                message="Cannot invoke &quot;pages.RegisterPage.enterFirstName(String)&quot; because &quot;this.accountRegisterPage&quot; is null"
                type="java.lang.NullPointerException">
            <![CDATA[java.lang.NullPointerException: Cannot invoke "pages.RegisterPage.enterFirstName(String)" because "this.accountRegisterPage" is null
at opencartdemo.stepDefinitions.RegistrationSteps.iInputFirstName(RegistrationSteps.java:58)
at ✽.I input firstName "FirstName"(file:///C:/Users/public.DESKTOP-92TR9M0/eclipse-workspace/SeleniumJavaCucumberFramework/src/test/java/cucumber/registration/Register.feature:9)
]]>
        </error>
    </testcase>
</testsuite> <!-- cucumber.CucumberTestNGTestRunner -->
